The system is: Windows - 6.3.9600 - AMD64
Compiling the CXX compiler identification source file "CMakeCXXCompilerId.cpp" succeeded.
Compiler: C:/Program Files (x86)/Microsoft Visual Studio/2019/Community/VC/Tools/MSVC/14.29.30133/bin/HostX64/x64/cl.exe 
Build flags: 
Id flags:  

The output was:
0
Оптимизирующий компилятор Microsoft (R) C/C++ версии 19.29.30146 для x64
(C) Корпорация Майкрософт (Microsoft Corporation).  Все права защищены.

CMakeCXXCompilerId.cpp
Microsoft (R) Incremental Linker Version 14.29.30146.0
Copyright (C) Microsoft Corporation.  All rights reserved.

/out:CMakeCXXCompilerId.exe 
CMakeCXXCompilerId.obj 


Compilation of the CXX compiler identification source "CMakeCXXCompilerId.cpp" produced "CMakeCXXCompilerId.exe"

Compilation of the CXX compiler identification source "CMakeCXXCompilerId.cpp" produced "CMakeCXXCompilerId.obj"

The CXX compiler identification is MSVC, found in "C:/Users/Kot/CLionProjects/hw38tutorial/build-twoWindow-Desktop_Qt_5_15_2_MSVC2019_64bit-Debug/CMakeFiles/3.22.0/CompilerIdCXX/CMakeCXXCompilerId.exe"

Detecting CXX compiler ABI info compiled with the following output:
Change Dir: C:/Users/Kot/CLionProjects/hw38tutorial/build-twoWindow-Desktop_Qt_5_15_2_MSVC2019_64bit-Debug/CMakeFiles/CMakeTmp

Run Build Command(s):jom -f Makefile /nologo cmTC_e8a90\fast && jom: parallel job execution disabled for Makefile
	C:\Qt\Tools\QtCreator\bin\jom\jom.exe  -f CMakeFiles\cmTC_e8a90.dir\build.make /nologo -L CMakeFiles\cmTC_e8a90.dir\build
Building CXX object CMakeFiles/cmTC_e8a90.dir/CMakeCXXCompilerABI.cpp.obj
	"C:\Program Files (x86)\CMake\bin\cmake.exe" -E cmake_cl_compile_depends --dep-file=CMakeFiles\cmTC_e8a90.dir\CMakeCXXCompilerABI.cpp.obj.d --working-dir=C:\Users\Kot\CLionProjects\hw38tutorial\build-twoWindow-Desktop_Qt_5_15_2_MSVC2019_64bit-Debug\CMakeFiles\CMakeTmp --filter-prefix="╤?е?╤ў╤м╤це?╤°╤л╤ў╤ц: ╤¤╤з╤пе?е?╤ц╤л╤ў╤ц е?╤°╤√╤п╤°:  " -- C:\PROGRA~2\MICROS~2\2019\COMMUN~1\VC\Tools\MSVC\1429~1.301\bin\HostX64\x64\cl.exe @C:\Users\Kot\AppData\Local\Temp\CMakeCXXCompilerABI.cpp.obj.4744.0.jom
CMakeCXXCompilerABI.cpp
╨Я╤А╨╕╨╝╨╡╤З╨░╨╜╨╕╨╡: ╨▓╨║╨╗╤О╤З╨╡╨╜╨╕╨╡ ╤Д╨░╨╣╨╗╨░:  C:\Program Files (x86)\CMake\share\cmake-3.22\Modules\CMakeCompilerABI.h
Linking CXX executable cmTC_e8a90.exe
	"C:\Program Files (x86)\CMake\bin\cmake.exe" -E vs_link_exe --intdir=CMakeFiles\cmTC_e8a90.dir --rc=C:\PROGRA~2\WI3CF2~1\10\bin\100190~1.0\x64\rc.exe --mt=C:\PROGRA~2\WI3CF2~1\10\bin\100190~1.0\x64\mt.exe --manifests -- C:\PROGRA~2\MICROS~2\2019\COMMUN~1\VC\Tools\MSVC\1429~1.301\bin\Hostx64\x64\link.exe /nologo @CMakeFiles\cmTC_e8a90.dir\objects1.rsp @C:\Users\Kot\AppData\Local\Temp\cmTC_e8a90.exe.4744.157.jom



Compiling the C compiler identification source file "CMakeCCompilerId.c" succeeded.
Compiler: C:/Program Files (x86)/Microsoft Visual Studio/2019/Community/VC/Tools/MSVC/14.29.30133/bin/HostX64/x64/cl.exe 
Build flags: 
Id flags:  

The output was:
0
Оптимизирующий компилятор Microsoft (R) C/C++ версии 19.29.30146 для x64
(C) Корпорация Майкрософт (Microsoft Corporation).  Все права защищены.

CMakeCCompilerId.c
Microsoft (R) Incremental Linker Version 14.29.30146.0
Copyright (C) Microsoft Corporation.  All rights reserved.

/out:CMakeCCompilerId.exe 
CMakeCCompilerId.obj 


Compiling the C compiler identification source file "CMakeCCompilerId.c" succeeded.
Compiler: C:/Program Files (x86)/Microsoft Visual Studio/2019/Community/VC/Tools/MSVC/14.29.30133/bin/HostX64/x64/cl.exe 
Build flags: 
Id flags: -c 

The output was:
0
Оптимизирующий компилятор Microsoft (R) C/C++ версии 19.29.30146 для x64
(C) Корпорация Майкрософт (Microsoft Corporation).  Все права защищены.

CMakeCCompilerId.c


Compilation of the C compiler identification source "CMakeCCompilerId.c" produced "CMakeCCompilerId.obj"

The C compiler identification is MSVC, found in "C:/Users/Kot/CLionProjects/hw38tutorial/build-twoWindow-Desktop_Qt_5_15_2_MSVC2019_64bit-Debug/CMakeFiles/3.22.0/CompilerIdC/CMakeCCompilerId.obj"

Compiling the C compiler identification source file "CMakeCCompilerId.c" succeeded.
Compiler: C:/Program Files (x86)/Microsoft Visual Studio/2019/Community/VC/Tools/MSVC/14.29.30133/bin/HostX64/x64/cl.exe 
Build flags: 
Id flags:  

The output was:
0
Оптимизирующий компилятор Microsoft (R) C/C++ версии 19.29.30146 для x64
(C) Корпорация Майкрософт (Microsoft Corporation).  Все права защищены.

CMakeCCompilerId.c
Microsoft (R) Incremental Linker Version 14.29.30146.0
Copyright (C) Microsoft Corporation.  All rights reserved.

/out:CMakeCCompilerId.exe 
CMakeCCompilerId.obj 


Compilation of the C compiler identification source "CMakeCCompilerId.c" produced "CMakeCCompilerId.exe"

Compilation of the C compiler identification source "CMakeCCompilerId.c" produced "CMakeCCompilerId.obj"

The C compiler identification is MSVC, found in "C:/Users/Kot/CLionProjects/hw38tutorial/build-twoWindow-Desktop_Qt_5_15_2_MSVC2019_64bit-Debug/CMakeFiles/3.22.0/CompilerIdC/CMakeCCompilerId.exe"

Detecting C compiler ABI info compiled with the following output:
Change Dir: C:/Users/Kot/CLionProjects/hw38tutorial/build-twoWindow-Desktop_Qt_5_15_2_MSVC2019_64bit-Debug/CMakeFiles/CMakeTmp

Run Build Command(s):jom -f Makefile /nologo cmTC_67d3f\fast && jom: parallel job execution disabled for Makefile
	C:\Qt\Tools\QtCreator\bin\jom\jom.exe  -f CMakeFiles\cmTC_67d3f.dir\build.make /nologo -L CMakeFiles\cmTC_67d3f.dir\build
Building C object CMakeFiles/cmTC_67d3f.dir/CMakeCCompilerABI.c.obj
	"C:\Program Files (x86)\CMake\bin\cmake.exe" -E cmake_cl_compile_depends --dep-file=CMakeFiles\cmTC_67d3f.dir\CMakeCCompilerABI.c.obj.d --working-dir=C:\Users\Kot\CLionProjects\hw38tutorial\build-twoWindow-Desktop_Qt_5_15_2_MSVC2019_64bit-Debug\CMakeFiles\CMakeTmp --filter-prefix="╤?е?╤ў╤м╤це?╤°╤л╤ў╤ц: ╤¤╤з╤пе?е?╤ц╤л╤ў╤ц е?╤°╤√╤п╤°:  " -- C:\PROGRA~2\MICROS~2\2019\COMMUN~1\VC\Tools\MSVC\1429~1.301\bin\HostX64\x64\cl.exe @C:\Users\Kot\AppData\Local\Temp\CMakeCCompilerABI.c.obj.4000.0.jom
CMakeCCompilerABI.c
╨Я╤А╨╕╨╝╨╡╤З╨░╨╜╨╕╨╡: ╨▓╨║╨╗╤О╤З╨╡╨╜╨╕╨╡ ╤Д╨░╨╣╨╗╨░:  C:\Program Files (x86)\CMake\share\cmake-3.22\Modules\CMakeCompilerABI.h
Linking C executable cmTC_67d3f.exe
	"C:\Program Files (x86)\CMake\bin\cmake.exe" -E vs_link_exe --intdir=CMakeFiles\cmTC_67d3f.dir --rc=C:\PROGRA~2\WI3CF2~1\10\bin\100190~1.0\x64\rc.exe --mt=C:\PROGRA~2\WI3CF2~1\10\bin\100190~1.0\x64\mt.exe --manifests -- C:\PROGRA~2\MICROS~2\2019\COMMUN~1\VC\Tools\MSVC\1429~1.301\bin\Hostx64\x64\link.exe /nologo @CMakeFiles\cmTC_67d3f.dir\objects1.rsp @C:\Users\Kot\AppData\Local\Temp\cmTC_67d3f.exe.4000.125.jom




